2024-05-27 15:37:41,244 INFO com.csmtech.OnlineCsmExamApplication [restartedMain] Starting OnlineCsmExamApplication using Java 17.0.6 on CSMBHUL1288 with PID 6912 (D:\Projects\cas_project\onlinecas_ws\onlinecas\target\classes started by chidananda.sutar in D:\Projects\cas_project\onlinecas_ws\onlinecas)
2024-05-27 15:37:41,245 DEBUG com.csmtech.OnlineCsmExamApplication [restartedMain] Running with Spring Boot v2.7.8, Spring v5.3.25
2024-05-27 15:37:41,245 INFO com.csmtech.OnlineCsmExamApplication [restartedMain] No active profile set, falling back to 1 default profile: "default"
2024-05-27 15:37:47,138 INFO com.csmtech.OnlineCsmExamApplication [restartedMain] Started OnlineCsmExamApplication in 6.266 seconds (JVM running for 7.453)
2024-05-27 15:37:50,980 INFO com.csmtech.controller.MyController [http-nio-8088-exec-1] getting......
2024-05-27 15:38:57,085 INFO com.csmtech.OnlineCsmExamApplication [restartedMain] Starting OnlineCsmExamApplication using Java 17.0.6 on CSMBHUL1288 with PID 6912 (D:\Projects\cas_project\onlinecas_ws\onlinecas\target\classes started by chidananda.sutar in D:\Projects\cas_project\onlinecas_ws\onlinecas)
2024-05-27 15:38:57,086 DEBUG com.csmtech.OnlineCsmExamApplication [restartedMain] Running with Spring Boot v2.7.8, Spring v5.3.25
2024-05-27 15:38:57,086 INFO com.csmtech.OnlineCsmExamApplication [restartedMain] No active profile set, falling back to 1 default profile: "default"
2024-05-27 15:39:01,269 ERROR org.springframework.boot.SpringApplication [restartedMain] Application run failed
org.springframework.beans.factory.BeanCreationException: Error creating bean with name 'requestMappingHandlerMapping' defined in class path resource [org/springframework/boot/autoconfigure/web/servlet/WebMvcAutoConfiguration$EnableWebMvcConfiguration.class]: Invocation of init method failed; nested exception is java.lang.IllegalStateException: Ambiguous mapping. Cannot map 'basicErrorController' method 
org.springframework.boot.autoconfigure.web.servlet.error.BasicErrorController#error(HttpServletRequest)
to { [/error]}: There is already 'myController' bean method
com.csmtech.controller.MyController#handleError() mapped.
	at org.springframework.beans.factory.support.AbstractAutowireCapableBeanFactory.initializeBean(AbstractAutowireCapableBeanFactory.java:1804) ~[spring-beans-5.3.25.jar:5.3.25]
	at org.springframework.beans.factory.support.AbstractAutowireCapableBeanFactory.doCreateBean(AbstractAutowireCapableBeanFactory.java:620) ~[spring-beans-5.3.25.jar:5.3.25]
	at org.springframework.beans.factory.support.AbstractAutowireCapableBeanFactory.createBean(AbstractAutowireCapableBeanFactory.java:542) ~[spring-beans-5.3.25.jar:5.3.25]
	at org.springframework.beans.factory.support.AbstractBeanFactory.lambda$doGetBean$0(AbstractBeanFactory.java:335) ~[spring-beans-5.3.25.jar:5.3.25]
	at org.springframework.beans.factory.support.DefaultSingletonBeanRegistry.getSingleton(DefaultSingletonBeanRegistry.java:234) ~[spring-beans-5.3.25.jar:5.3.25]
	at org.springframework.beans.factory.support.AbstractBeanFactory.doGetBean(AbstractBeanFactory.java:333) ~[spring-beans-5.3.25.jar:5.3.25]
	at org.springframework.beans.factory.support.AbstractBeanFactory.getBean(AbstractBeanFactory.java:208) ~[spring-beans-5.3.25.jar:5.3.25]
	at org.springframework.beans.factory.support.DefaultListableBeanFactory.preInstantiateSingletons(DefaultListableBeanFactory.java:955) ~[spring-beans-5.3.25.jar:5.3.25]
	at org.springframework.context.support.AbstractApplicationContext.finishBeanFactoryInitialization(AbstractApplicationContext.java:918) ~[spring-context-5.3.25.jar:5.3.25]
	at org.springframework.context.support.AbstractApplicationContext.refresh(AbstractApplicationContext.java:583) ~[spring-context-5.3.25.jar:5.3.25]
	at org.springframework.boot.web.servlet.context.ServletWebServerApplicationContext.refresh(ServletWebServerApplicationContext.java:147) ~[spring-boot-2.7.8.jar:2.7.8]
	at org.springframework.boot.SpringApplication.refresh(SpringApplication.java:731) ~[spring-boot-2.7.8.jar:2.7.8]
	at org.springframework.boot.SpringApplication.refreshContext(SpringApplication.java:408) ~[spring-boot-2.7.8.jar:2.7.8]
	at org.springframework.boot.SpringApplication.run(SpringApplication.java:307) ~[spring-boot-2.7.8.jar:2.7.8]
	at org.springframework.boot.SpringApplication.run(SpringApplication.java:1303) ~[spring-boot-2.7.8.jar:2.7.8]
	at org.springframework.boot.SpringApplication.run(SpringApplication.java:1292) ~[spring-boot-2.7.8.jar:2.7.8]
	at com.csmtech.OnlineCsmExamApplication.main(OnlineCsmExamApplication.java:16) ~[classes/:na]
	at java.base/jdk.internal.reflect.NativeMethodAccessorImpl.invoke0(Native Method) ~[na:na]
	at java.base/jdk.internal.reflect.NativeMethodAccessorImpl.invoke(NativeMethodAccessorImpl.java:77) ~[na:na]
	at java.base/jdk.internal.reflect.DelegatingMethodAccessorImpl.invoke(DelegatingMethodAccessorImpl.java:43) ~[na:na]
	at java.base/java.lang.reflect.Method.invoke(Method.java:568) ~[na:na]
	at org.springframework.boot.devtools.restart.RestartLauncher.run(RestartLauncher.java:49) ~[spring-boot-devtools-2.7.8.jar:2.7.8]
Caused by: java.lang.IllegalStateException: Ambiguous mapping. Cannot map 'basicErrorController' method 
org.springframework.boot.autoconfigure.web.servlet.error.BasicErrorController#error(HttpServletRequest)
to { [/error]}: There is already 'myController' bean method
com.csmtech.controller.MyController#handleError() mapped.
	at org.springframework.web.servlet.handler.AbstractHandlerMethodMapping$MappingRegistry.validateMethodMapping(AbstractHandlerMethodMapping.java:669) ~[spring-webmvc-5.3.25.jar:5.3.25]
	at org.springframework.web.servlet.handler.AbstractHandlerMethodMapping$MappingRegistry.register(AbstractHandlerMethodMapping.java:635) ~[spring-webmvc-5.3.25.jar:5.3.25]
	at org.springframework.web.servlet.handler.AbstractHandlerMethodMapping.registerHandlerMethod(AbstractHandlerMethodMapping.java:332) ~[spring-webmvc-5.3.25.jar:5.3.25]
	at org.springframework.web.servlet.mvc.method.annotation.RequestMappingHandlerMapping.registerHandlerMethod(RequestMappingHandlerMapping.java:420) ~[spring-webmvc-5.3.25.jar:5.3.25]
	at org.springframework.web.servlet.mvc.method.annotation.RequestMappingHandlerMapping.registerHandlerMethod(RequestMappingHandlerMapping.java:76) ~[spring-webmvc-5.3.25.jar:5.3.25]
	at org.springframework.web.servlet.handler.AbstractHandlerMethodMapping.lambda$detectHandlerMethods$2(AbstractHandlerMethodMapping.java:299) ~[spring-webmvc-5.3.25.jar:5.3.25]
	at java.base/java.util.LinkedHashMap.forEach(LinkedHashMap.java:721) ~[na:na]
	at org.springframework.web.servlet.handler.AbstractHandlerMethodMapping.detectHandlerMethods(AbstractHandlerMethodMapping.java:297) ~[spring-webmvc-5.3.25.jar:5.3.25]
	at org.springframework.web.servlet.handler.AbstractHandlerMethodMapping.processCandidateBean(AbstractHandlerMethodMapping.java:266) ~[spring-webmvc-5.3.25.jar:5.3.25]
	at org.springframework.web.servlet.handler.AbstractHandlerMethodMapping.initHandlerMethods(AbstractHandlerMethodMapping.java:225) ~[spring-webmvc-5.3.25.jar:5.3.25]
	at org.springframework.web.servlet.handler.AbstractHandlerMethodMapping.afterPropertiesSet(AbstractHandlerMethodMapping.java:213) ~[spring-webmvc-5.3.25.jar:5.3.25]
	at org.springframework.web.servlet.mvc.method.annotation.RequestMappingHandlerMapping.afterPropertiesSet(RequestMappingHandlerMapping.java:205) ~[spring-webmvc-5.3.25.jar:5.3.25]
	at org.springframework.beans.factory.support.AbstractAutowireCapableBeanFactory.invokeInitMethods(AbstractAutowireCapableBeanFactory.java:1863) ~[spring-beans-5.3.25.jar:5.3.25]
	at org.springframework.beans.factory.support.AbstractAutowireCapableBeanFactory.initializeBean(AbstractAutowireCapableBeanFactory.java:1800) ~[spring-beans-5.3.25.jar:5.3.25]
	... 21 common frames omitted
2024-05-27 15:39:03,101 INFO com.csmtech.OnlineCsmExamApplication [restartedMain] Starting OnlineCsmExamApplication using Java 17.0.6 on CSMBHUL1288 with PID 6912 (D:\Projects\cas_project\onlinecas_ws\onlinecas\target\classes started by chidananda.sutar in D:\Projects\cas_project\onlinecas_ws\onlinecas)
2024-05-27 15:39:03,101 DEBUG com.csmtech.OnlineCsmExamApplication [restartedMain] Running with Spring Boot v2.7.8, Spring v5.3.25
2024-05-27 15:39:03,101 INFO com.csmtech.OnlineCsmExamApplication [restartedMain] No active profile set, falling back to 1 default profile: "default"
2024-05-27 15:39:04,944 ERROR org.springframework.boot.SpringApplication [restartedMain] Application run failed
org.springframework.beans.factory.BeanCreationException: Error creating bean with name 'requestMappingHandlerMapping' defined in class path resource [org/springframework/boot/autoconfigure/web/servlet/WebMvcAutoConfiguration$EnableWebMvcConfiguration.class]: Invocation of init method failed; nested exception is java.lang.IllegalStateException: Ambiguous mapping. Cannot map 'basicErrorController' method 
org.springframework.boot.autoconfigure.web.servlet.error.BasicErrorController#error(HttpServletRequest)
to { [/error]}: There is already 'myController' bean method
com.csmtech.controller.MyController#handleError() mapped.
	at org.springframework.beans.factory.support.AbstractAutowireCapableBeanFactory.initializeBean(AbstractAutowireCapableBeanFactory.java:1804) ~[spring-beans-5.3.25.jar:5.3.25]
	at org.springframework.beans.factory.support.AbstractAutowireCapableBeanFactory.doCreateBean(AbstractAutowireCapableBeanFactory.java:620) ~[spring-beans-5.3.25.jar:5.3.25]
	at org.springframework.beans.factory.support.AbstractAutowireCapableBeanFactory.createBean(AbstractAutowireCapableBeanFactory.java:542) ~[spring-beans-5.3.25.jar:5.3.25]
	at org.springframework.beans.factory.support.AbstractBeanFactory.lambda$doGetBean$0(AbstractBeanFactory.java:335) ~[spring-beans-5.3.25.jar:5.3.25]
	at org.springframework.beans.factory.support.DefaultSingletonBeanRegistry.getSingleton(DefaultSingletonBeanRegistry.java:234) ~[spring-beans-5.3.25.jar:5.3.25]
	at org.springframework.beans.factory.support.AbstractBeanFactory.doGetBean(AbstractBeanFactory.java:333) ~[spring-beans-5.3.25.jar:5.3.25]
	at org.springframework.beans.factory.support.AbstractBeanFactory.getBean(AbstractBeanFactory.java:208) ~[spring-beans-5.3.25.jar:5.3.25]
	at org.springframework.beans.factory.support.DefaultListableBeanFactory.preInstantiateSingletons(DefaultListableBeanFactory.java:955) ~[spring-beans-5.3.25.jar:5.3.25]
	at org.springframework.context.support.AbstractApplicationContext.finishBeanFactoryInitialization(AbstractApplicationContext.java:918) ~[spring-context-5.3.25.jar:5.3.25]
	at org.springframework.context.support.AbstractApplicationContext.refresh(AbstractApplicationContext.java:583) ~[spring-context-5.3.25.jar:5.3.25]
	at org.springframework.boot.web.servlet.context.ServletWebServerApplicationContext.refresh(ServletWebServerApplicationContext.java:147) ~[spring-boot-2.7.8.jar:2.7.8]
	at org.springframework.boot.SpringApplication.refresh(SpringApplication.java:731) ~[spring-boot-2.7.8.jar:2.7.8]
	at org.springframework.boot.SpringApplication.refreshContext(SpringApplication.java:408) ~[spring-boot-2.7.8.jar:2.7.8]
	at org.springframework.boot.SpringApplication.run(SpringApplication.java:307) ~[spring-boot-2.7.8.jar:2.7.8]
	at org.springframework.boot.SpringApplication.run(SpringApplication.java:1303) ~[spring-boot-2.7.8.jar:2.7.8]
	at org.springframework.boot.SpringApplication.run(SpringApplication.java:1292) ~[spring-boot-2.7.8.jar:2.7.8]
	at com.csmtech.OnlineCsmExamApplication.main(OnlineCsmExamApplication.java:16) ~[classes/:na]
	at java.base/jdk.internal.reflect.NativeMethodAccessorImpl.invoke0(Native Method) ~[na:na]
	at java.base/jdk.internal.reflect.NativeMethodAccessorImpl.invoke(NativeMethodAccessorImpl.java:77) ~[na:na]
	at java.base/jdk.internal.reflect.DelegatingMethodAccessorImpl.invoke(DelegatingMethodAccessorImpl.java:43) ~[na:na]
	at java.base/java.lang.reflect.Method.invoke(Method.java:568) ~[na:na]
	at org.springframework.boot.devtools.restart.RestartLauncher.run(RestartLauncher.java:49) ~[spring-boot-devtools-2.7.8.jar:2.7.8]
Caused by: java.lang.IllegalStateException: Ambiguous mapping. Cannot map 'basicErrorController' method 
org.springframework.boot.autoconfigure.web.servlet.error.BasicErrorController#error(HttpServletRequest)
to { [/error]}: There is already 'myController' bean method
com.csmtech.controller.MyController#handleError() mapped.
	at org.springframework.web.servlet.handler.AbstractHandlerMethodMapping$MappingRegistry.validateMethodMapping(AbstractHandlerMethodMapping.java:669) ~[spring-webmvc-5.3.25.jar:5.3.25]
	at org.springframework.web.servlet.handler.AbstractHandlerMethodMapping$MappingRegistry.register(AbstractHandlerMethodMapping.java:635) ~[spring-webmvc-5.3.25.jar:5.3.25]
	at org.springframework.web.servlet.handler.AbstractHandlerMethodMapping.registerHandlerMethod(AbstractHandlerMethodMapping.java:332) ~[spring-webmvc-5.3.25.jar:5.3.25]
	at org.springframework.web.servlet.mvc.method.annotation.RequestMappingHandlerMapping.registerHandlerMethod(RequestMappingHandlerMapping.java:420) ~[spring-webmvc-5.3.25.jar:5.3.25]
	at org.springframework.web.servlet.mvc.method.annotation.RequestMappingHandlerMapping.registerHandlerMethod(RequestMappingHandlerMapping.java:76) ~[spring-webmvc-5.3.25.jar:5.3.25]
	at org.springframework.web.servlet.handler.AbstractHandlerMethodMapping.lambda$detectHandlerMethods$2(AbstractHandlerMethodMapping.java:299) ~[spring-webmvc-5.3.25.jar:5.3.25]
	at java.base/java.util.LinkedHashMap.forEach(LinkedHashMap.java:721) ~[na:na]
	at org.springframework.web.servlet.handler.AbstractHandlerMethodMapping.detectHandlerMethods(AbstractHandlerMethodMapping.java:297) ~[spring-webmvc-5.3.25.jar:5.3.25]
	at org.springframework.web.servlet.handler.AbstractHandlerMethodMapping.processCandidateBean(AbstractHandlerMethodMapping.java:266) ~[spring-webmvc-5.3.25.jar:5.3.25]
	at org.springframework.web.servlet.handler.AbstractHandlerMethodMapping.initHandlerMethods(AbstractHandlerMethodMapping.java:225) ~[spring-webmvc-5.3.25.jar:5.3.25]
	at org.springframework.web.servlet.handler.AbstractHandlerMethodMapping.afterPropertiesSet(AbstractHandlerMethodMapping.java:213) ~[spring-webmvc-5.3.25.jar:5.3.25]
	at org.springframework.web.servlet.mvc.method.annotation.RequestMappingHandlerMapping.afterPropertiesSet(RequestMappingHandlerMapping.java:205) ~[spring-webmvc-5.3.25.jar:5.3.25]
	at org.springframework.beans.factory.support.AbstractAutowireCapableBeanFactory.invokeInitMethods(AbstractAutowireCapableBeanFactory.java:1863) ~[spring-beans-5.3.25.jar:5.3.25]
	at org.springframework.beans.factory.support.AbstractAutowireCapableBeanFactory.initializeBean(AbstractAutowireCapableBeanFactory.java:1800) ~[spring-beans-5.3.25.jar:5.3.25]
	... 21 common frames omitted
2024-05-27 15:41:08,827 INFO com.csmtech.OnlineCsmExamApplication [restartedMain] Starting OnlineCsmExamApplication using Java 17.0.6 on CSMBHUL1288 with PID 21808 (D:\Projects\cas_project\onlinecas_ws\onlinecas\target\classes started by chidananda.sutar in D:\Projects\cas_project\onlinecas_ws\onlinecas)
2024-05-27 15:41:08,829 DEBUG com.csmtech.OnlineCsmExamApplication [restartedMain] Running with Spring Boot v2.7.8, Spring v5.3.25
2024-05-27 15:41:08,829 INFO com.csmtech.OnlineCsmExamApplication [restartedMain] No active profile set, falling back to 1 default profile: "default"
2024-05-27 15:41:16,924 ERROR org.springframework.boot.SpringApplication [restartedMain] Application run failed
org.springframework.beans.factory.BeanCreationException: Error creating bean with name 'requestMappingHandlerMapping' defined in class path resource [org/springframework/boot/autoconfigure/web/servlet/WebMvcAutoConfiguration$EnableWebMvcConfiguration.class]: Invocation of init method failed; nested exception is java.lang.IllegalStateException: Ambiguous mapping. Cannot map 'basicErrorController' method 
org.springframework.boot.autoconfigure.web.servlet.error.BasicErrorController#error(HttpServletRequest)
to { [/error]}: There is already 'myController' bean method
com.csmtech.controller.MyController#handleError() mapped.
	at org.springframework.beans.factory.support.AbstractAutowireCapableBeanFactory.initializeBean(AbstractAutowireCapableBeanFactory.java:1804)
	at org.springframework.beans.factory.support.AbstractAutowireCapableBeanFactory.doCreateBean(AbstractAutowireCapableBeanFactory.java:620)
	at org.springframework.beans.factory.support.AbstractAutowireCapableBeanFactory.createBean(AbstractAutowireCapableBeanFactory.java:542)
	at org.springframework.beans.factory.support.AbstractBeanFactory.lambda$doGetBean$0(AbstractBeanFactory.java:335)
	at org.springframework.beans.factory.support.DefaultSingletonBeanRegistry.getSingleton(DefaultSingletonBeanRegistry.java:234)
	at org.springframework.beans.factory.support.AbstractBeanFactory.doGetBean(AbstractBeanFactory.java:333)
	at org.springframework.beans.factory.support.AbstractBeanFactory.getBean(AbstractBeanFactory.java:208)
	at org.springframework.beans.factory.support.DefaultListableBeanFactory.preInstantiateSingletons(DefaultListableBeanFactory.java:955)
	at org.springframework.context.support.AbstractApplicationContext.finishBeanFactoryInitialization(AbstractApplicationContext.java:918)
	at org.springframework.context.support.AbstractApplicationContext.refresh(AbstractApplicationContext.java:583)
	at org.springframework.boot.web.servlet.context.ServletWebServerApplicationContext.refresh(ServletWebServerApplicationContext.java:147)
	at org.springframework.boot.SpringApplication.refresh(SpringApplication.java:731)
	at org.springframework.boot.SpringApplication.refreshContext(SpringApplication.java:408)
	at org.springframework.boot.SpringApplication.run(SpringApplication.java:307)
	at org.springframework.boot.SpringApplication.run(SpringApplication.java:1303)
	at org.springframework.boot.SpringApplication.run(SpringApplication.java:1292)
	at com.csmtech.OnlineCsmExamApplication.main(OnlineCsmExamApplication.java:16)
	at java.base/jdk.internal.reflect.NativeMethodAccessorImpl.invoke0(Native Method)
	at java.base/jdk.internal.reflect.NativeMethodAccessorImpl.invoke(NativeMethodAccessorImpl.java:77)
	at java.base/jdk.internal.reflect.DelegatingMethodAccessorImpl.invoke(DelegatingMethodAccessorImpl.java:43)
	at java.base/java.lang.reflect.Method.invoke(Method.java:568)
	at org.springframework.boot.devtools.restart.RestartLauncher.run(RestartLauncher.java:49)
Caused by: java.lang.IllegalStateException: Ambiguous mapping. Cannot map 'basicErrorController' method 
org.springframework.boot.autoconfigure.web.servlet.error.BasicErrorController#error(HttpServletRequest)
to { [/error]}: There is already 'myController' bean method
com.csmtech.controller.MyController#handleError() mapped.
	at org.springframework.web.servlet.handler.AbstractHandlerMethodMapping$MappingRegistry.validateMethodMapping(AbstractHandlerMethodMapping.java:669)
	at org.springframework.web.servlet.handler.AbstractHandlerMethodMapping$MappingRegistry.register(AbstractHandlerMethodMapping.java:635)
	at org.springframework.web.servlet.handler.AbstractHandlerMethodMapping.registerHandlerMethod(AbstractHandlerMethodMapping.java:332)
	at org.springframework.web.servlet.mvc.method.annotation.RequestMappingHandlerMapping.registerHandlerMethod(RequestMappingHandlerMapping.java:420)
	at org.springframework.web.servlet.mvc.method.annotation.RequestMappingHandlerMapping.registerHandlerMethod(RequestMappingHandlerMapping.java:76)
	at org.springframework.web.servlet.handler.AbstractHandlerMethodMapping.lambda$detectHandlerMethods$2(AbstractHandlerMethodMapping.java:299)
	at java.base/java.util.LinkedHashMap.forEach(LinkedHashMap.java:721)
	at org.springframework.web.servlet.handler.AbstractHandlerMethodMapping.detectHandlerMethods(AbstractHandlerMethodMapping.java:297)
	at org.springframework.web.servlet.handler.AbstractHandlerMethodMapping.processCandidateBean(AbstractHandlerMethodMapping.java:266)
	at org.springframework.web.servlet.handler.AbstractHandlerMethodMapping.initHandlerMethods(AbstractHandlerMethodMapping.java:225)
	at org.springframework.web.servlet.handler.AbstractHandlerMethodMapping.afterPropertiesSet(AbstractHandlerMethodMapping.java:213)
	at org.springframework.web.servlet.mvc.method.annotation.RequestMappingHandlerMapping.afterPropertiesSet(RequestMappingHandlerMapping.java:205)
	at org.springframework.beans.factory.support.AbstractAutowireCapableBeanFactory.invokeInitMethods(AbstractAutowireCapableBeanFactory.java:1863)
	at org.springframework.beans.factory.support.AbstractAutowireCapableBeanFactory.initializeBean(AbstractAutowireCapableBeanFactory.java:1800)
	... 21 common frames omitted
2024-05-27 15:41:29,842 INFO com.csmtech.OnlineCsmExamApplication [restartedMain] Starting OnlineCsmExamApplication using Java 17.0.6 on CSMBHUL1288 with PID 22256 (D:\Projects\cas_project\onlinecas_ws\onlinecas\target\classes started by chidananda.sutar in D:\Projects\cas_project\onlinecas_ws\onlinecas)
2024-05-27 15:41:29,844 DEBUG com.csmtech.OnlineCsmExamApplication [restartedMain] Running with Spring Boot v2.7.8, Spring v5.3.25
2024-05-27 15:41:29,846 INFO com.csmtech.OnlineCsmExamApplication [restartedMain] No active profile set, falling back to 1 default profile: "default"
2024-05-27 15:41:34,825 ERROR org.springframework.boot.SpringApplication [restartedMain] Application run failed
org.springframework.beans.factory.BeanCreationException: Error creating bean with name 'requestMappingHandlerMapping' defined in class path resource [org/springframework/boot/autoconfigure/web/servlet/WebMvcAutoConfiguration$EnableWebMvcConfiguration.class]: Invocation of init method failed; nested exception is java.lang.IllegalStateException: Ambiguous mapping. Cannot map 'basicErrorController' method 
org.springframework.boot.autoconfigure.web.servlet.error.BasicErrorController#error(HttpServletRequest)
to { [/error]}: There is already 'myController' bean method
com.csmtech.controller.MyController#handleError() mapped.
	at org.springframework.beans.factory.support.AbstractAutowireCapableBeanFactory.initializeBean(AbstractAutowireCapableBeanFactory.java:1804)
	at org.springframework.beans.factory.support.AbstractAutowireCapableBeanFactory.doCreateBean(AbstractAutowireCapableBeanFactory.java:620)
	at org.springframework.beans.factory.support.AbstractAutowireCapableBeanFactory.createBean(AbstractAutowireCapableBeanFactory.java:542)
	at org.springframework.beans.factory.support.AbstractBeanFactory.lambda$doGetBean$0(AbstractBeanFactory.java:335)
	at org.springframework.beans.factory.support.DefaultSingletonBeanRegistry.getSingleton(DefaultSingletonBeanRegistry.java:234)
	at org.springframework.beans.factory.support.AbstractBeanFactory.doGetBean(AbstractBeanFactory.java:333)
	at org.springframework.beans.factory.support.AbstractBeanFactory.getBean(AbstractBeanFactory.java:208)
	at org.springframework.beans.factory.support.DefaultListableBeanFactory.preInstantiateSingletons(DefaultListableBeanFactory.java:955)
	at org.springframework.context.support.AbstractApplicationContext.finishBeanFactoryInitialization(AbstractApplicationContext.java:918)
	at org.springframework.context.support.AbstractApplicationContext.refresh(AbstractApplicationContext.java:583)
	at org.springframework.boot.web.servlet.context.ServletWebServerApplicationContext.refresh(ServletWebServerApplicationContext.java:147)
	at org.springframework.boot.SpringApplication.refresh(SpringApplication.java:731)
	at org.springframework.boot.SpringApplication.refreshContext(SpringApplication.java:408)
	at org.springframework.boot.SpringApplication.run(SpringApplication.java:307)
	at org.springframework.boot.SpringApplication.run(SpringApplication.java:1303)
	at org.springframework.boot.SpringApplication.run(SpringApplication.java:1292)
	at com.csmtech.OnlineCsmExamApplication.main(OnlineCsmExamApplication.java:16)
	at java.base/jdk.internal.reflect.NativeMethodAccessorImpl.invoke0(Native Method)
	at java.base/jdk.internal.reflect.NativeMethodAccessorImpl.invoke(NativeMethodAccessorImpl.java:77)
	at java.base/jdk.internal.reflect.DelegatingMethodAccessorImpl.invoke(DelegatingMethodAccessorImpl.java:43)
	at java.base/java.lang.reflect.Method.invoke(Method.java:568)
	at org.springframework.boot.devtools.restart.RestartLauncher.run(RestartLauncher.java:49)
Caused by: java.lang.IllegalStateException: Ambiguous mapping. Cannot map 'basicErrorController' method 
org.springframework.boot.autoconfigure.web.servlet.error.BasicErrorController#error(HttpServletRequest)
to { [/error]}: There is already 'myController' bean method
com.csmtech.controller.MyController#handleError() mapped.
	at org.springframework.web.servlet.handler.AbstractHandlerMethodMapping$MappingRegistry.validateMethodMapping(AbstractHandlerMethodMapping.java:669)
	at org.springframework.web.servlet.handler.AbstractHandlerMethodMapping$MappingRegistry.register(AbstractHandlerMethodMapping.java:635)
	at org.springframework.web.servlet.handler.AbstractHandlerMethodMapping.registerHandlerMethod(AbstractHandlerMethodMapping.java:332)
	at org.springframework.web.servlet.mvc.method.annotation.RequestMappingHandlerMapping.registerHandlerMethod(RequestMappingHandlerMapping.java:420)
	at org.springframework.web.servlet.mvc.method.annotation.RequestMappingHandlerMapping.registerHandlerMethod(RequestMappingHandlerMapping.java:76)
	at org.springframework.web.servlet.handler.AbstractHandlerMethodMapping.lambda$detectHandlerMethods$2(AbstractHandlerMethodMapping.java:299)
	at java.base/java.util.LinkedHashMap.forEach(LinkedHashMap.java:721)
	at org.springframework.web.servlet.handler.AbstractHandlerMethodMapping.detectHandlerMethods(AbstractHandlerMethodMapping.java:297)
	at org.springframework.web.servlet.handler.AbstractHandlerMethodMapping.processCandidateBean(AbstractHandlerMethodMapping.java:266)
	at org.springframework.web.servlet.handler.AbstractHandlerMethodMapping.initHandlerMethods(AbstractHandlerMethodMapping.java:225)
	at org.springframework.web.servlet.handler.AbstractHandlerMethodMapping.afterPropertiesSet(AbstractHandlerMethodMapping.java:213)
	at org.springframework.web.servlet.mvc.method.annotation.RequestMappingHandlerMapping.afterPropertiesSet(RequestMappingHandlerMapping.java:205)
	at org.springframework.beans.factory.support.AbstractAutowireCapableBeanFactory.invokeInitMethods(AbstractAutowireCapableBeanFactory.java:1863)
	at org.springframework.beans.factory.support.AbstractAutowireCapableBeanFactory.initializeBean(AbstractAutowireCapableBeanFactory.java:1800)
	... 21 common frames omitted
2024-05-27 15:41:40,823 INFO com.csmtech.OnlineCsmExamApplication [restartedMain] Starting OnlineCsmExamApplication using Java 17.0.6 on CSMBHUL1288 with PID 23428 (D:\Projects\cas_project\onlinecas_ws\onlinecas\target\classes started by chidananda.sutar in D:\Projects\cas_project\onlinecas_ws\onlinecas)
2024-05-27 15:41:40,825 DEBUG com.csmtech.OnlineCsmExamApplication [restartedMain] Running with Spring Boot v2.7.8, Spring v5.3.25
2024-05-27 15:41:40,827 INFO com.csmtech.OnlineCsmExamApplication [restartedMain] No active profile set, falling back to 1 default profile: "default"
2024-05-27 15:41:45,550 ERROR org.springframework.boot.SpringApplication [restartedMain] Application run failed
org.springframework.beans.factory.BeanCreationException: Error creating bean with name 'requestMappingHandlerMapping' defined in class path resource [org/springframework/boot/autoconfigure/web/servlet/WebMvcAutoConfiguration$EnableWebMvcConfiguration.class]: Invocation of init method failed; nested exception is java.lang.IllegalStateException: Ambiguous mapping. Cannot map 'basicErrorController' method 
org.springframework.boot.autoconfigure.web.servlet.error.BasicErrorController#error(HttpServletRequest)
to { [/error]}: There is already 'myController' bean method
com.csmtech.controller.MyController#handleError() mapped.
	at org.springframework.beans.factory.support.AbstractAutowireCapableBeanFactory.initializeBean(AbstractAutowireCapableBeanFactory.java:1804)
	at org.springframework.beans.factory.support.AbstractAutowireCapableBeanFactory.doCreateBean(AbstractAutowireCapableBeanFactory.java:620)
	at org.springframework.beans.factory.support.AbstractAutowireCapableBeanFactory.createBean(AbstractAutowireCapableBeanFactory.java:542)
	at org.springframework.beans.factory.support.AbstractBeanFactory.lambda$doGetBean$0(AbstractBeanFactory.java:335)
	at org.springframework.beans.factory.support.DefaultSingletonBeanRegistry.getSingleton(DefaultSingletonBeanRegistry.java:234)
	at org.springframework.beans.factory.support.AbstractBeanFactory.doGetBean(AbstractBeanFactory.java:333)
	at org.springframework.beans.factory.support.AbstractBeanFactory.getBean(AbstractBeanFactory.java:208)
	at org.springframework.beans.factory.support.DefaultListableBeanFactory.preInstantiateSingletons(DefaultListableBeanFactory.java:955)
	at org.springframework.context.support.AbstractApplicationContext.finishBeanFactoryInitialization(AbstractApplicationContext.java:918)
	at org.springframework.context.support.AbstractApplicationContext.refresh(AbstractApplicationContext.java:583)
	at org.springframework.boot.web.servlet.context.ServletWebServerApplicationContext.refresh(ServletWebServerApplicationContext.java:147)
	at org.springframework.boot.SpringApplication.refresh(SpringApplication.java:731)
	at org.springframework.boot.SpringApplication.refreshContext(SpringApplication.java:408)
	at org.springframework.boot.SpringApplication.run(SpringApplication.java:307)
	at org.springframework.boot.SpringApplication.run(SpringApplication.java:1303)
	at org.springframework.boot.SpringApplication.run(SpringApplication.java:1292)
	at com.csmtech.OnlineCsmExamApplication.main(OnlineCsmExamApplication.java:16)
	at java.base/jdk.internal.reflect.NativeMethodAccessorImpl.invoke0(Native Method)
	at java.base/jdk.internal.reflect.NativeMethodAccessorImpl.invoke(NativeMethodAccessorImpl.java:77)
	at java.base/jdk.internal.reflect.DelegatingMethodAccessorImpl.invoke(DelegatingMethodAccessorImpl.java:43)
	at java.base/java.lang.reflect.Method.invoke(Method.java:568)
	at org.springframework.boot.devtools.restart.RestartLauncher.run(RestartLauncher.java:49)
Caused by: java.lang.IllegalStateException: Ambiguous mapping. Cannot map 'basicErrorController' method 
org.springframework.boot.autoconfigure.web.servlet.error.BasicErrorController#error(HttpServletRequest)
to { [/error]}: There is already 'myController' bean method
com.csmtech.controller.MyController#handleError() mapped.
	at org.springframework.web.servlet.handler.AbstractHandlerMethodMapping$MappingRegistry.validateMethodMapping(AbstractHandlerMethodMapping.java:669)
	at org.springframework.web.servlet.handler.AbstractHandlerMethodMapping$MappingRegistry.register(AbstractHandlerMethodMapping.java:635)
	at org.springframework.web.servlet.handler.AbstractHandlerMethodMapping.registerHandlerMethod(AbstractHandlerMethodMapping.java:332)
	at org.springframework.web.servlet.mvc.method.annotation.RequestMappingHandlerMapping.registerHandlerMethod(RequestMappingHandlerMapping.java:420)
	at org.springframework.web.servlet.mvc.method.annotation.RequestMappingHandlerMapping.registerHandlerMethod(RequestMappingHandlerMapping.java:76)
	at org.springframework.web.servlet.handler.AbstractHandlerMethodMapping.lambda$detectHandlerMethods$2(AbstractHandlerMethodMapping.java:299)
	at java.base/java.util.LinkedHashMap.forEach(LinkedHashMap.java:721)
	at org.springframework.web.servlet.handler.AbstractHandlerMethodMapping.detectHandlerMethods(AbstractHandlerMethodMapping.java:297)
	at org.springframework.web.servlet.handler.AbstractHandlerMethodMapping.processCandidateBean(AbstractHandlerMethodMapping.java:266)
	at org.springframework.web.servlet.handler.AbstractHandlerMethodMapping.initHandlerMethods(AbstractHandlerMethodMapping.java:225)
	at org.springframework.web.servlet.handler.AbstractHandlerMethodMapping.afterPropertiesSet(AbstractHandlerMethodMapping.java:213)
	at org.springframework.web.servlet.mvc.method.annotation.RequestMappingHandlerMapping.afterPropertiesSet(RequestMappingHandlerMapping.java:205)
	at org.springframework.beans.factory.support.AbstractAutowireCapableBeanFactory.invokeInitMethods(AbstractAutowireCapableBeanFactory.java:1863)
	at org.springframework.beans.factory.support.AbstractAutowireCapableBeanFactory.initializeBean(AbstractAutowireCapableBeanFactory.java:1800)
	... 21 common frames omitted
2024-05-27 15:52:35,060 INFO com.csmtech.OnlineCsmExamApplication [restartedMain] Starting OnlineCsmExamApplication using Java 17.0.6 on CSMBHUL1288 with PID 4552 (D:\Projects\cas_project\onlinecas_ws\onlinecas\target\classes started by chidananda.sutar in D:\Projects\cas_project\onlinecas_ws\onlinecas)
2024-05-27 15:52:35,061 DEBUG com.csmtech.OnlineCsmExamApplication [restartedMain] Running with Spring Boot v2.7.8, Spring v5.3.25
2024-05-27 15:52:35,061 INFO com.csmtech.OnlineCsmExamApplication [restartedMain] No active profile set, falling back to 1 default profile: "default"
2024-05-27 15:53:24,076 ERROR org.springframework.boot.SpringApplication [restartedMain] Application run failed
org.springframework.beans.factory.BeanCreationException: Error creating bean with name 'requestMappingHandlerMapping' defined in class path resource [org/springframework/boot/autoconfigure/web/servlet/WebMvcAutoConfiguration$EnableWebMvcConfiguration.class]: Invocation of init method failed; nested exception is java.lang.IllegalStateException: Ambiguous mapping. Cannot map 'basicErrorController' method 
org.springframework.boot.autoconfigure.web.servlet.error.BasicErrorController#error(HttpServletRequest)
to { [/error]}: There is already 'myController' bean method
com.csmtech.controller.MyController#handleError() mapped.
	at org.springframework.beans.factory.support.AbstractAutowireCapableBeanFactory.initializeBean(AbstractAutowireCapableBeanFactory.java:1804)
	at org.springframework.beans.factory.support.AbstractAutowireCapableBeanFactory.doCreateBean(AbstractAutowireCapableBeanFactory.java:620)
	at org.springframework.beans.factory.support.AbstractAutowireCapableBeanFactory.createBean(AbstractAutowireCapableBeanFactory.java:542)
	at org.springframework.beans.factory.support.AbstractBeanFactory.lambda$doGetBean$0(AbstractBeanFactory.java:335)
	at org.springframework.beans.factory.support.DefaultSingletonBeanRegistry.getSingleton(DefaultSingletonBeanRegistry.java:234)
	at org.springframework.beans.factory.support.AbstractBeanFactory.doGetBean(AbstractBeanFactory.java:333)
	at org.springframework.beans.factory.support.AbstractBeanFactory.getBean(AbstractBeanFactory.java:208)
	at org.springframework.beans.factory.support.DefaultListableBeanFactory.preInstantiateSingletons(DefaultListableBeanFactory.java:955)
	at org.springframework.context.support.AbstractApplicationContext.finishBeanFactoryInitialization(AbstractApplicationContext.java:918)
	at org.springframework.context.support.AbstractApplicationContext.refresh(AbstractApplicationContext.java:583)
	at org.springframework.boot.web.servlet.context.ServletWebServerApplicationContext.refresh(ServletWebServerApplicationContext.java:147)
	at org.springframework.boot.SpringApplication.refresh(SpringApplication.java:731)
	at org.springframework.boot.SpringApplication.refreshContext(SpringApplication.java:408)
	at org.springframework.boot.SpringApplication.run(SpringApplication.java:307)
	at org.springframework.boot.SpringApplication.run(SpringApplication.java:1303)
	at org.springframework.boot.SpringApplication.run(SpringApplication.java:1292)
	at com.csmtech.OnlineCsmExamApplication.main(OnlineCsmExamApplication.java:16)
	at java.base/jdk.internal.reflect.NativeMethodAccessorImpl.invoke0(Native Method)
	at java.base/jdk.internal.reflect.NativeMethodAccessorImpl.invoke(NativeMethodAccessorImpl.java:77)
	at java.base/jdk.internal.reflect.DelegatingMethodAccessorImpl.invoke(DelegatingMethodAccessorImpl.java:43)
	at java.base/java.lang.reflect.Method.invoke(Method.java:568)
	at org.springframework.boot.devtools.restart.RestartLauncher.run(RestartLauncher.java:49)
Caused by: java.lang.IllegalStateException: Ambiguous mapping. Cannot map 'basicErrorController' method 
org.springframework.boot.autoconfigure.web.servlet.error.BasicErrorController#error(HttpServletRequest)
to { [/error]}: There is already 'myController' bean method
com.csmtech.controller.MyController#handleError() mapped.
	at org.springframework.web.servlet.handler.AbstractHandlerMethodMapping$MappingRegistry.validateMethodMapping(AbstractHandlerMethodMapping.java:669)
	at org.springframework.web.servlet.handler.AbstractHandlerMethodMapping$MappingRegistry.register(AbstractHandlerMethodMapping.java:635)
	at org.springframework.web.servlet.handler.AbstractHandlerMethodMapping.registerHandlerMethod(AbstractHandlerMethodMapping.java:332)
	at org.springframework.web.servlet.mvc.method.annotation.RequestMappingHandlerMapping.registerHandlerMethod(RequestMappingHandlerMapping.java:420)
	at org.springframework.web.servlet.mvc.method.annotation.RequestMappingHandlerMapping.registerHandlerMethod(RequestMappingHandlerMapping.java:76)
	at org.springframework.web.servlet.handler.AbstractHandlerMethodMapping.lambda$detectHandlerMethods$2(AbstractHandlerMethodMapping.java:299)
	at java.base/java.util.LinkedHashMap.forEach(LinkedHashMap.java:721)
	at org.springframework.web.servlet.handler.AbstractHandlerMethodMapping.detectHandlerMethods(AbstractHandlerMethodMapping.java:297)
	at org.springframework.web.servlet.handler.AbstractHandlerMethodMapping.processCandidateBean(AbstractHandlerMethodMapping.java:266)
	at org.springframework.web.servlet.handler.AbstractHandlerMethodMapping.initHandlerMethods(AbstractHandlerMethodMapping.java:225)
	at org.springframework.web.servlet.handler.AbstractHandlerMethodMapping.afterPropertiesSet(AbstractHandlerMethodMapping.java:213)
	at org.springframework.web.servlet.mvc.method.annotation.RequestMappingHandlerMapping.afterPropertiesSet(RequestMappingHandlerMapping.java:205)
	at org.springframework.beans.factory.support.AbstractAutowireCapableBeanFactory.invokeInitMethods(AbstractAutowireCapableBeanFactory.java:1863)
	at org.springframework.beans.factory.support.AbstractAutowireCapableBeanFactory.initializeBean(AbstractAutowireCapableBeanFactory.java:1800)
	... 21 common frames omitted
2024-05-27 15:59:41,593 INFO com.csmtech.OnlineCsmExamApplication [restartedMain] Starting OnlineCsmExamApplication using Java 17.0.6 on CSMBHUL1288 with PID 7036 (D:\Projects\cas_project\onlinecas_ws\onlinecas\target\classes started by chidananda.sutar in D:\Projects\cas_project\onlinecas_ws\onlinecas)
2024-05-27 15:59:41,594 DEBUG com.csmtech.OnlineCsmExamApplication [restartedMain] Running with Spring Boot v2.7.8, Spring v5.3.25
2024-05-27 15:59:41,594 INFO com.csmtech.OnlineCsmExamApplication [restartedMain] No active profile set, falling back to 1 default profile: "default"
2024-05-27 16:01:38,984 INFO com.csmtech.OnlineCsmExamApplication [restartedMain] Started OnlineCsmExamApplication in 117.743 seconds (JVM running for 118.748)
2024-05-27 16:03:02,277 INFO com.csmtech.controller.MyController [http-nio-8088-exec-3] getting......
2024-05-27 16:04:08,987 WARN org.apache.catalina.loader.WebappClassLoaderBase [RMI TCP Connection(12)-127.0.0.1] The web application [onlinecas] is still processing a request that has yet to finish. This is very likely to create a memory leak. You can control the time allowed for requests to finish by using the unloadDelay attribute of the standard Context implementation. Stack trace of request processing thread:[
 java.base@17.0.6/java.lang.Integer.reverseBytes(Integer.java:1803)
 java.base@17.0.6/jdk.internal.misc.Unsafe.convEndian(Unsafe.java:3810)
 java.base@17.0.6/jdk.internal.misc.Unsafe.getIntUnaligned(Unsafe.java:3567)
 java.base@17.0.6/java.lang.invoke.VarHandleByteArrayAsInts$ArrayHandle.get(VarHandleByteArrayAsInts.java:118)
 java.base@17.0.6/java.lang.invoke.VarHandleGuards.guard_LI_I(VarHandleGuards.java:163)
 java.base@17.0.6/sun.security.provider.ByteArrayAccess.b2iBig64(ByteArrayAccess.java:116)
 java.base@17.0.6/sun.security.provider.SHA2.implCompress0(SHA2.java:146)
 java.base@17.0.6/sun.security.provider.SHA2.implCompress(SHA2.java:122)
 java.base@17.0.6/sun.security.provider.DigestBase.implCompressMultiBlock0(DigestBase.java:150)
 java.base@17.0.6/sun.security.provider.DigestBase.implCompressMultiBlock(DigestBase.java:144)
 java.base@17.0.6/sun.security.provider.DigestBase.engineUpdate(DigestBase.java:131)
 java.base@17.0.6/java.security.MessageDigest$Delegate.engineUpdate(MessageDigest.java:658)
 java.base@17.0.6/java.security.MessageDigest.update(MessageDigest.java:349)
 java.base@17.0.6/sun.security.util.ManifestEntryVerifier.update(ManifestEntryVerifier.java:175)
 java.base@17.0.6/java.util.jar.JarVerifier.update(JarVerifier.java:236)
 java.base@17.0.6/java.util.jar.JarVerifier$VerifierStream.read(JarVerifier.java:483)
 java.base@17.0.6/jdk.internal.loader.Resource.getBytes(Resource.java:126)
 java.base@17.0.6/jdk.internal.loader.URLClassPath$JarLoader$2.getBytes(URLClassPath.java:893)
 java.base@17.0.6/jdk.internal.loader.BuiltinClassLoader.defineClass(BuiltinClassLoader.java:859)
 java.base@17.0.6/jdk.internal.loader.BuiltinClassLoader.findClassOnClassPathOrNull(BuiltinClassLoader.java:760)
 java.base@17.0.6/jdk.internal.loader.BuiltinClassLoader.loadClassOrNull(BuiltinClassLoader.java:681)
 java.base@17.0.6/jdk.internal.loader.BuiltinClassLoader.loadClass(BuiltinClassLoader.java:639)
 java.base@17.0.6/jdk.internal.loader.ClassLoaders$AppClassLoader.loadClass(ClassLoaders.java:188)
 java.base@17.0.6/java.lang.ClassLoader.loadClass(ClassLoader.java:520)
 app//org.eclipse.jdt.internal.compiler.Compiler.<init>(Compiler.java:289)
 app//org.eclipse.jdt.internal.compiler.Compiler.<init>(Compiler.java:213)
 app//org.apache.jasper.compiler.JDTCompiler.generateClass(JDTCompiler.java:513)
 app//org.apache.jasper.compiler.Compiler.compile(Compiler.java:398)
 app//org.apache.jasper.compiler.Compiler.compile(Compiler.java:368)
 app//org.apache.jasper.compiler.Compiler.compile(Compiler.java:352)
 app//org.apache.jasper.JspCompilationContext.compile(JspCompilationContext.java:605)
 app//org.apache.jasper.servlet.JspServletWrapper.service(JspServletWrapper.java:399)
 app//org.apache.jasper.servlet.JspServlet.serviceJspFile(JspServlet.java:379)
 app//org.apache.jasper.servlet.JspServlet.service(JspServlet.java:327)
 app//javax.servlet.http.HttpServlet.service(HttpServlet.java:779)
 app//org.apache.catalina.core.ApplicationFilterChain.internalDoFilter(ApplicationFilterChain.java:227)
 app//org.apache.catalina.core.ApplicationFilterChain.doFilter(ApplicationFilterChain.java:162)
 app//org.springframework.web.filter.OncePerRequestFilter.doFilterNestedErrorDispatch(OncePerRequestFilter.java:249)
 app//org.springframework.web.filter.OncePerRequestFilter.doFilter(OncePerRequestFilter.java:106)
 app//org.apache.catalina.core.ApplicationFilterChain.internalDoFilter(ApplicationFilterChain.java:189)
 app//org.apache.catalina.core.ApplicationFilterChain.doFilter(ApplicationFilterChain.java:162)
 app//org.springframework.web.filter.OncePerRequestFilter.doFilter(OncePerRequestFilter.java:102)
 app//org.apache.catalina.core.ApplicationFilterChain.internalDoFilter(ApplicationFilterChain.java:189)
 app//org.apache.catalina.core.ApplicationFilterChain.doFilter(ApplicationFilterChain.java:162)
 app//org.springframework.web.filter.OncePerRequestFilter.doFilter(OncePerRequestFilter.java:102)
 app//org.apache.catalina.core.ApplicationFilterChain.internalDoFilter(ApplicationFilterChain.java:189)
 app//org.apache.catalina.core.ApplicationFilterChain.doFilter(ApplicationFilterChain.java:162)
 app//org.apache.catalina.core.ApplicationDispatcher.invoke(ApplicationDispatcher.java:711)
 app//org.apache.catalina.core.ApplicationDispatcher.processRequest(ApplicationDispatcher.java:461)
 app//org.apache.catalina.core.ApplicationDispatcher.doForward(ApplicationDispatcher.java:385)
 app//org.apache.catalina.core.ApplicationDispatcher.forward(ApplicationDispatcher.java:313)
 app//org.springframework.web.servlet.view.InternalResourceView.renderMergedOutputModel(InternalResourceView.java:171)
 app//org.springframework.web.servlet.view.AbstractView.render(AbstractView.java:316)
 app//org.springframework.web.servlet.DispatcherServlet.render(DispatcherServlet.java:1405)
 app//org.springframework.web.servlet.DispatcherServlet.processDispatchResult(DispatcherServlet.java:1149)
 app//org.springframework.web.servlet.DispatcherServlet.doDispatch(DispatcherServlet.java:1088)
 app//org.springframework.web.servlet.DispatcherServlet.doService(DispatcherServlet.java:964)
 app//org.springframework.web.servlet.FrameworkServlet.processRequest(FrameworkServlet.java:1006)
 app//org.springframework.web.servlet.FrameworkServlet.doGet(FrameworkServlet.java:898)
 app//javax.servlet.http.HttpServlet.service(HttpServlet.java:670)
 app//org.springframework.web.servlet.FrameworkServlet.service(FrameworkServlet.java:883)
 app//javax.servlet.http.HttpServlet.service(HttpServlet.java:779)
 app//org.apache.catalina.core.ApplicationFilterChain.internalDoFilter(ApplicationFilterChain.java:227)
 app//org.apache.catalina.core.ApplicationFilterChain.doFilter(ApplicationFilterChain.java:162)
 app//org.springframework.web.filter.RequestContextFilter.doFilterInternal(RequestContextFilter.java:100)
 app//org.springframework.web.filter.OncePerRequestFilter.doFilter(OncePerRequestFilter.java:117)
 app//org.apache.catalina.core.ApplicationFilterChain.internalDoFilter(ApplicationFilterChain.java:189)
 app//org.apache.catalina.core.ApplicationFilterChain.doFilter(ApplicationFilterChain.java:162)
 app//org.springframework.web.filter.OncePerRequestFilter.doFilter(OncePerRequestFilter.java:102)
 app//org.apache.catalina.core.ApplicationFilterChain.internalDoFilter(ApplicationFilterChain.java:189)
 app//org.apache.catalina.core.ApplicationFilterChain.doFilter(ApplicationFilterChain.java:162)
 app//org.springframework.web.filter.OncePerRequestFilter.doFilter(OncePerRequestFilter.java:102)
 app//org.apache.catalina.core.ApplicationFilterChain.internalDoFilter(ApplicationFilterChain.java:189)
 app//org.apache.catalina.core.ApplicationFilterChain.doFilter(ApplicationFilterChain.java:162)
 app//org.apache.catalina.core.ApplicationDispatcher.invoke(ApplicationDispatcher.java:711)
 app//org.apache.catalina.core.ApplicationDispatcher.processRequest(ApplicationDispatcher.java:461)
 app//org.apache.catalina.core.ApplicationDispatcher.doForward(ApplicationDispatcher.java:385)
 app//org.apache.catalina.core.ApplicationDispatcher.forward(ApplicationDispatcher.java:313)
 app//org.apache.catalina.core.StandardHostValve.custom(StandardHostValve.java:388)
 app//org.apache.catalina.core.StandardHostValve.status(StandardHostValve.java:244)
 app//org.apache.catalina.core.StandardHostValve.invoke(StandardHostValve.java:171)
 app//org.apache.catalina.valves.ErrorReportValve.invoke(ErrorReportValve.java:92)
 app//org.apache.catalina.core.StandardEngineValve.invoke(StandardEngineValve.java:78)
 app//org.apache.catalina.connector.CoyoteAdapter.service(CoyoteAdapter.java:360)
 app//org.apache.coyote.http11.Http11Processor.service(Http11Processor.java:399)
 app//org.apache.coyote.AbstractProcessorLight.process(AbstractProcessorLight.java:65)
 app//org.apache.coyote.AbstractProtocol$ConnectionHandler.process(AbstractProtocol.java:891)
 app//org.apache.tomcat.util.net.NioEndpoint$SocketProcessor.doRun(NioEndpoint.java:1784)
 app//org.apache.tomcat.util.net.SocketProcessorBase.run(SocketProcessorBase.java:49)
 app//org.apache.tomcat.util.threads.ThreadPoolExecutor.runWorker(ThreadPoolExecutor.java:1191)
 app//org.apache.tomcat.util.threads.ThreadPoolExecutor$Worker.run(ThreadPoolExecutor.java:659)
 app//org.apache.tomcat.util.threads.TaskThread$WrappingRunnable.run(TaskThread.java:61)
 java.base@17.0.6/java.lang.Thread.run(Thread.java:833)]
2024-05-27 16:04:09,391 WARN org.apache.catalina.loader.WebappClassLoaderBase [RMI TCP Connection(12)-127.0.0.1] The web application [onlinecas] is still processing a request that has yet to finish. This is very likely to create a memory leak. You can control the time allowed for requests to finish by using the unloadDelay attribute of the standard Context implementation. Stack trace of request processing thread:[
 app//org.eclipse.jdt.internal.compiler.Compiler.<init>(Compiler.java:289)
 app//org.eclipse.jdt.internal.compiler.Compiler.<init>(Compiler.java:213)
 app//org.apache.jasper.compiler.JDTCompiler.generateClass(JDTCompiler.java:513)
 app//org.apache.jasper.compiler.Compiler.compile(Compiler.java:398)
 app//org.apache.jasper.compiler.Compiler.compile(Compiler.java:368)
 app//org.apache.jasper.compiler.Compiler.compile(Compiler.java:352)
 app//org.apache.jasper.JspCompilationContext.compile(JspCompilationContext.java:605)
 app//org.apache.jasper.servlet.JspServletWrapper.service(JspServletWrapper.java:399)
 app//org.apache.jasper.servlet.JspServlet.serviceJspFile(JspServlet.java:379)
 app//org.apache.jasper.servlet.JspServlet.service(JspServlet.java:327)
 app//javax.servlet.http.HttpServlet.service(HttpServlet.java:779)
 app//org.apache.catalina.core.ApplicationFilterChain.internalDoFilter(ApplicationFilterChain.java:227)
 app//org.apache.catalina.core.ApplicationFilterChain.doFilter(ApplicationFilterChain.java:162)
 app//org.apache.tomcat.websocket.server.WsFilter.doFilter(WsFilter.java:53)
 app//org.apache.catalina.core.ApplicationFilterChain.internalDoFilter(ApplicationFilterChain.java:189)
 app//org.apache.catalina.core.ApplicationFilterChain.doFilter(ApplicationFilterChain.java:162)
 app//org.springframework.web.filter.OncePerRequestFilter.doFilter(OncePerRequestFilter.java:111)
 app//org.apache.catalina.core.ApplicationFilterChain.internalDoFilter(ApplicationFilterChain.java:189)
 app//org.apache.catalina.core.ApplicationFilterChain.doFilter(ApplicationFilterChain.java:162)
 app//org.springframework.web.filter.OncePerRequestFilter.doFilter(OncePerRequestFilter.java:111)
 app//org.apache.catalina.core.ApplicationFilterChain.internalDoFilter(ApplicationFilterChain.java:189)
 app//org.apache.catalina.core.ApplicationFilterChain.doFilter(ApplicationFilterChain.java:162)
 app//org.springframework.web.filter.OncePerRequestFilter.doFilter(OncePerRequestFilter.java:111)
 app//org.apache.catalina.core.ApplicationFilterChain.internalDoFilter(ApplicationFilterChain.java:189)
 app//org.apache.catalina.core.ApplicationFilterChain.doFilter(ApplicationFilterChain.java:162)
 app//org.apache.catalina.core.ApplicationDispatcher.invoke(ApplicationDispatcher.java:711)
 app//org.apache.catalina.core.ApplicationDispatcher.processRequest(ApplicationDispatcher.java:459)
 app//org.apache.catalina.core.ApplicationDispatcher.doForward(ApplicationDispatcher.java:385)
 app//org.apache.catalina.core.ApplicationDispatcher.forward(ApplicationDispatcher.java:313)
 app//org.springframework.web.servlet.view.InternalResourceView.renderMergedOutputModel(InternalResourceView.java:171)
 app//org.springframework.web.servlet.view.AbstractView.render(AbstractView.java:316)
 app//org.springframework.web.servlet.DispatcherServlet.render(DispatcherServlet.java:1405)
 app//org.springframework.web.servlet.DispatcherServlet.processDispatchResult(DispatcherServlet.java:1149)
 app//org.springframework.web.servlet.DispatcherServlet.doDispatch(DispatcherServlet.java:1088)
 app//org.springframework.web.servlet.DispatcherServlet.doService(DispatcherServlet.java:964)
 app//org.springframework.web.servlet.FrameworkServlet.processRequest(FrameworkServlet.java:1006)
 app//org.springframework.web.servlet.FrameworkServlet.doGet(FrameworkServlet.java:898)
 app//javax.servlet.http.HttpServlet.service(HttpServlet.java:670)
 app//org.springframework.web.servlet.FrameworkServlet.service(FrameworkServlet.java:883)
 app//javax.servlet.http.HttpServlet.service(HttpServlet.java:779)
 app//org.apache.catalina.core.ApplicationFilterChain.internalDoFilter(ApplicationFilterChain.java:227)
 app//org.apache.catalina.core.ApplicationFilterChain.doFilter(ApplicationFilterChain.java:162)
 app//org.apache.tomcat.websocket.server.WsFilter.doFilter(WsFilter.java:53)
 app//org.apache.catalina.core.ApplicationFilterChain.internalDoFilter(ApplicationFilterChain.java:189)
 app//org.apache.catalina.core.ApplicationFilterChain.doFilter(ApplicationFilterChain.java:162)
 app//org.springframework.web.filter.RequestContextFilter.doFilterInternal(RequestContextFilter.java:100)
 app//org.springframework.web.filter.OncePerRequestFilter.doFilter(OncePerRequestFilter.java:117)
 app//org.apache.catalina.core.ApplicationFilterChain.internalDoFilter(ApplicationFilterChain.java:189)
 app//org.apache.catalina.core.ApplicationFilterChain.doFilter(ApplicationFilterChain.java:162)
 app//org.springframework.web.filter.FormContentFilter.doFilterInternal(FormContentFilter.java:93)
 app//org.springframework.web.filter.OncePerRequestFilter.doFilter(OncePerRequestFilter.java:117)
 app//org.apache.catalina.core.ApplicationFilterChain.internalDoFilter(ApplicationFilterChain.java:189)
 app//org.apache.catalina.core.ApplicationFilterChain.doFilter(ApplicationFilterChain.java:162)
 app//org.springframework.web.filter.CharacterEncodingFilter.doFilterInternal(CharacterEncodingFilter.java:201)
 app//org.springframework.web.filter.OncePerRequestFilter.doFilter(OncePerRequestFilter.java:117)
 app//org.apache.catalina.core.ApplicationFilterChain.internalDoFilter(ApplicationFilterChain.java:189)
 app//org.apache.catalina.core.ApplicationFilterChain.doFilter(ApplicationFilterChain.java:162)
 app//org.apache.catalina.core.StandardWrapperValve.invoke(StandardWrapperValve.java:177)
 app//org.apache.catalina.core.StandardContextValve.invoke(StandardContextValve.java:97)
 app//org.apache.catalina.authenticator.AuthenticatorBase.invoke(AuthenticatorBase.java:541)
 app//org.apache.catalina.core.StandardHostValve.invoke(StandardHostValve.java:135)
 app//org.apache.catalina.valves.ErrorReportValve.invoke(ErrorReportValve.java:92)
 app//org.apache.catalina.core.StandardEngineValve.invoke(StandardEngineValve.java:78)
 app//org.apache.catalina.connector.CoyoteAdapter.service(CoyoteAdapter.java:360)
 app//org.apache.coyote.http11.Http11Processor.service(Http11Processor.java:399)
 app//org.apache.coyote.AbstractProcessorLight.process(AbstractProcessorLight.java:65)
 app//org.apache.coyote.AbstractProtocol$ConnectionHandler.process(AbstractProtocol.java:891)
 app//org.apache.tomcat.util.net.NioEndpoint$SocketProcessor.doRun(NioEndpoint.java:1784)
 app//org.apache.tomcat.util.net.SocketProcessorBase.run(SocketProcessorBase.java:49)
 app//org.apache.tomcat.util.threads.ThreadPoolExecutor.runWorker(ThreadPoolExecutor.java:1191)
 app//org.apache.tomcat.util.threads.ThreadPoolExecutor$Worker.run(ThreadPoolExecutor.java:659)
 app//org.apache.tomcat.util.threads.TaskThread$WrappingRunnable.run(TaskThread.java:61)
 java.base@17.0.6/java.lang.Thread.run(Thread.java:833)]
2024-05-27 16:04:09,812 WARN org.apache.catalina.loader.WebappClassLoaderBase [RMI TCP Connection(12)-127.0.0.1] The web application [onlinecas] is still processing a request that has yet to finish. This is very likely to create a memory leak. You can control the time allowed for requests to finish by using the unloadDelay attribute of the standard Context implementation. Stack trace of request processing thread:[
 app//org.apache.jasper.servlet.JspServletWrapper.service(JspServletWrapper.java:397)
 app//org.apache.jasper.servlet.JspServlet.serviceJspFile(JspServlet.java:379)
 app//org.apache.jasper.servlet.JspServlet.service(JspServlet.java:327)
 app//javax.servlet.http.HttpServlet.service(HttpServlet.java:779)
 app//org.apache.catalina.core.ApplicationFilterChain.internalDoFilter(ApplicationFilterChain.java:227)
 app//org.apache.catalina.core.ApplicationFilterChain.doFilter(ApplicationFilterChain.java:162)
 app//org.springframework.web.filter.OncePerRequestFilter.doFilterNestedErrorDispatch(OncePerRequestFilter.java:249)
 app//org.springframework.web.filter.OncePerRequestFilter.doFilter(OncePerRequestFilter.java:106)
 app//org.apache.catalina.core.ApplicationFilterChain.internalDoFilter(ApplicationFilterChain.java:189)
 app//org.apache.catalina.core.ApplicationFilterChain.doFilter(ApplicationFilterChain.java:162)
 app//org.springframework.web.filter.OncePerRequestFilter.doFilter(OncePerRequestFilter.java:102)
 app//org.apache.catalina.core.ApplicationFilterChain.internalDoFilter(ApplicationFilterChain.java:189)
 app//org.apache.catalina.core.ApplicationFilterChain.doFilter(ApplicationFilterChain.java:162)
 app//org.springframework.web.filter.OncePerRequestFilter.doFilter(OncePerRequestFilter.java:102)
 app//org.apache.catalina.core.ApplicationFilterChain.internalDoFilter(ApplicationFilterChain.java:189)
 app//org.apache.catalina.core.ApplicationFilterChain.doFilter(ApplicationFilterChain.java:162)
 app//org.apache.catalina.core.ApplicationDispatcher.invoke(ApplicationDispatcher.java:711)
 app//org.apache.catalina.core.ApplicationDispatcher.processRequest(ApplicationDispatcher.java:461)
 app//org.apache.catalina.core.ApplicationDispatcher.doForward(ApplicationDispatcher.java:385)
 app//org.apache.catalina.core.ApplicationDispatcher.forward(ApplicationDispatcher.java:313)
 app//org.springframework.web.servlet.view.InternalResourceView.renderMergedOutputModel(InternalResourceView.java:171)
 app//org.springframework.web.servlet.view.AbstractView.render(AbstractView.java:316)
 app//org.springframework.web.servlet.DispatcherServlet.render(DispatcherServlet.java:1405)
 app//org.springframework.web.servlet.DispatcherServlet.processDispatchResult(DispatcherServlet.java:1149)
 app//org.springframework.web.servlet.DispatcherServlet.doDispatch(DispatcherServlet.java:1088)
 app//org.springframework.web.servlet.DispatcherServlet.doService(DispatcherServlet.java:964)
 app//org.springframework.web.servlet.FrameworkServlet.processRequest(FrameworkServlet.java:1006)
 app//org.springframework.web.servlet.FrameworkServlet.doGet(FrameworkServlet.java:898)
 app//javax.servlet.http.HttpServlet.service(HttpServlet.java:670)
 app//org.springframework.web.servlet.FrameworkServlet.service(FrameworkServlet.java:883)
 app//javax.servlet.http.HttpServlet.service(HttpServlet.java:779)
 app//org.apache.catalina.core.ApplicationFilterChain.internalDoFilter(ApplicationFilterChain.java:227)
 app//org.apache.catalina.core.ApplicationFilterChain.doFilter(ApplicationFilterChain.java:162)
 app//org.springframework.web.filter.RequestContextFilter.doFilterInternal(RequestContextFilter.java:100)
 app//org.springframework.web.filter.OncePerRequestFilter.doFilter(OncePerRequestFilter.java:117)
 app//org.apache.catalina.core.ApplicationFilterChain.internalDoFilter(ApplicationFilterChain.java:189)
 app//org.apache.catalina.core.ApplicationFilterChain.doFilter(ApplicationFilterChain.java:162)
 app//org.springframework.web.filter.OncePerRequestFilter.doFilter(OncePerRequestFilter.java:102)
 app//org.apache.catalina.core.ApplicationFilterChain.internalDoFilter(ApplicationFilterChain.java:189)
 app//org.apache.catalina.core.ApplicationFilterChain.doFilter(ApplicationFilterChain.java:162)
 app//org.springframework.web.filter.OncePerRequestFilter.doFilter(OncePerRequestFilter.java:102)
 app//org.apache.catalina.core.ApplicationFilterChain.internalDoFilter(ApplicationFilterChain.java:189)
 app//org.apache.catalina.core.ApplicationFilterChain.doFilter(ApplicationFilterChain.java:162)
 app//org.apache.catalina.core.ApplicationDispatcher.invoke(ApplicationDispatcher.java:711)
 app//org.apache.catalina.core.ApplicationDispatcher.processRequest(ApplicationDispatcher.java:461)
 app//org.apache.catalina.core.ApplicationDispatcher.doForward(ApplicationDispatcher.java:385)
 app//org.apache.catalina.core.ApplicationDispatcher.forward(ApplicationDispatcher.java:313)
 app//org.apache.catalina.core.StandardHostValve.custom(StandardHostValve.java:388)
 app//org.apache.catalina.core.StandardHostValve.status(StandardHostValve.java:244)
 app//org.apache.catalina.core.StandardHostValve.invoke(StandardHostValve.java:171)
 app//org.apache.catalina.valves.ErrorReportValve.invoke(ErrorReportValve.java:92)
 app//org.apache.catalina.core.StandardEngineValve.invoke(StandardEngineValve.java:78)
 app//org.apache.catalina.connector.CoyoteAdapter.service(CoyoteAdapter.java:360)
 app//org.apache.coyote.http11.Http11Processor.service(Http11Processor.java:399)
 app//org.apache.coyote.AbstractProcessorLight.process(AbstractProcessorLight.java:65)
 app//org.apache.coyote.AbstractProtocol$ConnectionHandler.process(AbstractProtocol.java:891)
 app//org.apache.tomcat.util.net.NioEndpoint$SocketProcessor.doRun(NioEndpoint.java:1784)
 app//org.apache.tomcat.util.net.SocketProcessorBase.run(SocketProcessorBase.java:49)
 app//org.apache.tomcat.util.threads.ThreadPoolExecutor.runWorker(ThreadPoolExecutor.java:1191)
 app//org.apache.tomcat.util.threads.ThreadPoolExecutor$Worker.run(ThreadPoolExecutor.java:659)
 app//org.apache.tomcat.util.threads.TaskThread$WrappingRunnable.run(TaskThread.java:61)
 java.base@17.0.6/java.lang.Thread.run(Thread.java:833)]
2024-05-27 16:04:14,973 WARN org.apache.tomcat.util.net.NioEndpoint [RMI TCP Connection(12)-127.0.0.1] The executor associated with thread pool [http-nio-8088] has not fully shutdown. Some application threads may still be running.
2024-05-27 16:05:12,180 INFO com.csmtech.OnlineCsmExamApplication [restartedMain] Starting OnlineCsmExamApplication using Java 17.0.6 on CSMBHUL1288 with PID 14656 (D:\Projects\cas_project\onlinecas_ws\onlinecas\target\classes started by chidananda.sutar in D:\Projects\cas_project\onlinecas_ws\onlinecas)
2024-05-27 16:05:12,181 DEBUG com.csmtech.OnlineCsmExamApplication [restartedMain] Running with Spring Boot v2.7.8, Spring v5.3.25
2024-05-27 16:05:12,182 INFO com.csmtech.OnlineCsmExamApplication [restartedMain] No active profile set, falling back to 1 default profile: "default"
2024-05-27 16:05:17,433 INFO com.csmtech.OnlineCsmExamApplication [restartedMain] Started OnlineCsmExamApplication in 5.621 seconds (JVM running for 6.607)
2024-05-27 16:06:00,793 INFO com.csmtech.controller.MyController [http-nio-8088-exec-1] getting......
2024-05-27 16:30:27,078 INFO com.csmtech.OnlineCsmExamApplication [restartedMain] Starting OnlineCsmExamApplication using Java 17.0.6 on CSMBHUL1288 with PID 14656 (D:\Projects\cas_project\onlinecas_ws\onlinecas\target\classes started by chidananda.sutar in D:\Projects\cas_project\onlinecas_ws\onlinecas)
2024-05-27 16:30:27,079 DEBUG com.csmtech.OnlineCsmExamApplication [restartedMain] Running with Spring Boot v2.7.8, Spring v5.3.25
2024-05-27 16:30:27,079 INFO com.csmtech.OnlineCsmExamApplication [restartedMain] No active profile set, falling back to 1 default profile: "default"
2024-05-27 16:34:14,056 INFO com.csmtech.OnlineCsmExamApplication [restartedMain] Starting OnlineCsmExamApplication using Java 17.0.6 on CSMBHUL1288 with PID 18492 (D:\Projects\cas_project\onlinecas_ws\onlinecas\target\classes started by chidananda.sutar in D:\Projects\cas_project\onlinecas_ws\onlinecas)
2024-05-27 16:34:14,057 DEBUG com.csmtech.OnlineCsmExamApplication [restartedMain] Running with Spring Boot v2.7.8, Spring v5.3.25
2024-05-27 16:34:14,058 INFO com.csmtech.OnlineCsmExamApplication [restartedMain] No active profile set, falling back to 1 default profile: "default"
2024-05-27 16:34:20,215 INFO com.csmtech.OnlineCsmExamApplication [restartedMain] Started OnlineCsmExamApplication in 6.587 seconds (JVM running for 7.868)
2024-05-27 16:35:10,058 INFO com.csmtech.controller.MyController [http-nio-8088-exec-1] getting......
2024-05-27 16:36:05,281 INFO com.csmtech.OnlineCsmExamApplication [restartedMain] Starting OnlineCsmExamApplication using Java 17.0.6 on CSMBHUL1288 with PID 18492 (D:\Projects\cas_project\onlinecas_ws\onlinecas\target\classes started by chidananda.sutar in D:\Projects\cas_project\onlinecas_ws\onlinecas)
2024-05-27 16:36:05,282 DEBUG com.csmtech.OnlineCsmExamApplication [restartedMain] Running with Spring Boot v2.7.8, Spring v5.3.25
2024-05-27 16:36:05,282 INFO com.csmtech.OnlineCsmExamApplication [restartedMain] No active profile set, falling back to 1 default profile: "default"
2024-05-27 16:36:10,586 INFO com.csmtech.OnlineCsmExamApplication [restartedMain] Started OnlineCsmExamApplication in 5.417 seconds (JVM running for 118.238)
2024-05-27 16:36:20,328 INFO com.csmtech.controller.MyController [http-nio-8088-exec-1] getting......
2024-05-27 16:36:41,792 INFO com.csmtech.controller.MyController [http-nio-8088-exec-5] getting......
2024-05-27 16:40:10,532 INFO com.csmtech.OnlineCsmExamApplication [restartedMain] Starting OnlineCsmExamApplication using Java 17.0.6 on CSMBHUL1288 with PID 18492 (D:\Projects\cas_project\onlinecas_ws\onlinecas\target\classes started by chidananda.sutar in D:\Projects\cas_project\onlinecas_ws\onlinecas)
2024-05-27 16:40:10,532 DEBUG com.csmtech.OnlineCsmExamApplication [restartedMain] Running with Spring Boot v2.7.8, Spring v5.3.25
2024-05-27 16:40:10,532 INFO com.csmtech.OnlineCsmExamApplication [restartedMain] No active profile set, falling back to 1 default profile: "default"
2024-05-27 16:40:14,186 INFO com.csmtech.OnlineCsmExamApplication [restartedMain] Started OnlineCsmExamApplication in 3.709 seconds (JVM running for 361.838)
2024-05-27 16:40:17,892 INFO com.csmtech.OnlineCsmExamApplication [restartedMain] Starting OnlineCsmExamApplication using Java 17.0.6 on CSMBHUL1288 with PID 18492 (D:\Projects\cas_project\onlinecas_ws\onlinecas\target\classes started by chidananda.sutar in D:\Projects\cas_project\onlinecas_ws\onlinecas)
2024-05-27 16:40:17,892 DEBUG com.csmtech.OnlineCsmExamApplication [restartedMain] Running with Spring Boot v2.7.8, Spring v5.3.25
2024-05-27 16:40:17,893 INFO com.csmtech.OnlineCsmExamApplication [restartedMain] No active profile set, falling back to 1 default profile: "default"
2024-05-27 16:40:20,451 INFO com.csmtech.OnlineCsmExamApplication [restartedMain] Started OnlineCsmExamApplication in 2.639 seconds (JVM running for 368.103)
2024-05-27 16:40:36,082 INFO com.csmtech.controller.MyController [http-nio-8088-exec-3] getting......
2024-05-27 16:40:40,173 INFO com.csmtech.controller.MyController [http-nio-8088-exec-4] getting......
2024-05-27 16:40:44,186 INFO com.csmtech.controller.MyController [http-nio-8088-exec-1] getting......
2024-05-27 16:41:11,029 INFO com.csmtech.OnlineCsmExamApplication [restartedMain] Starting OnlineCsmExamApplication using Java 17.0.6 on CSMBHUL1288 with PID 18492 (D:\Projects\cas_project\onlinecas_ws\onlinecas\target\classes started by chidananda.sutar in D:\Projects\cas_project\onlinecas_ws\onlinecas)
2024-05-27 16:41:11,030 DEBUG com.csmtech.OnlineCsmExamApplication [restartedMain] Running with Spring Boot v2.7.8, Spring v5.3.25
2024-05-27 16:41:11,030 INFO com.csmtech.OnlineCsmExamApplication [restartedMain] No active profile set, falling back to 1 default profile: "default"
2024-05-27 16:41:14,096 INFO com.csmtech.OnlineCsmExamApplication [restartedMain] Started OnlineCsmExamApplication in 3.128 seconds (JVM running for 421.748)
